<?xml version="1.0" encoding="UTF-8"?>
<testng-results ignored="0" total="1" passed="1" failed="0" skipped="0">
  <reporter-output>
  </reporter-output>
  <suite started-at="2025-10-16T07:28:44 MDT" name="Default suite" finished-at="2025-10-16T07:28:51 MDT" duration-ms="6195">
    <groups>
    </groups>
    <test started-at="2025-10-16T07:28:44 MDT" name="Default test" finished-at="2025-10-16T07:28:51 MDT" duration-ms="6195">
      <class name="com.testNG.AuotLogin">
        <test-method signature="f()[pri:0, instance:com.testNG.AuotLogin@7a8c8dcf]" started-at="2025-10-16T07:28:44 MDT" name="f" finished-at="2025-10-16T07:28:51 MDT" duration-ms="6108" status="PASS">
          <reporter-output>
          </reporter-output>
        </test-method> <!-- f -->
      </class> <!-- com.testNG.AuotLogin -->
    </test> <!-- Default test -->
  </suite> <!-- Default suite -->
</testng-results>
