<?xml version="1.0" encoding="UTF-8"?>
<testng-results ignored="0" total="3" passed="3" failed="0" skipped="0">
  <reporter-output>
  </reporter-output>
  <suite started-at="2025-10-24T07:19:00 MDT" name="Default suite" finished-at="2025-10-24T07:19:07 MDT" duration-ms="6168">
    <groups>
    </groups>
    <test started-at="2025-10-24T07:19:00 MDT" name="Default test" finished-at="2025-10-24T07:19:07 MDT" duration-ms="6168">
      <class name="com.automationexercise.TS_01">
        <test-method signature="tc_01()[pri:0, instance:com.automationexercise.TS_01@41a2befb]" started-at="2025-10-24T07:19:00 MDT" name="tc_01" finished-at="2025-10-24T07:19:04 MDT" duration-ms="3972" status="PASS">
          <reporter-output>
          </reporter-output>
        </test-method> <!-- tc_01 -->
        <test-method signature="tc_02()[pri:0, instance:com.automationexercise.TS_01@41a2befb]" started-at="2025-10-24T07:19:04 MDT" name="tc_02" finished-at="2025-10-24T07:19:06 MDT" duration-ms="1763" status="PASS">
          <reporter-output>
          </reporter-output>
        </test-method> <!-- tc_02 -->
        <test-method signature="tc_03()[pri:0, instance:com.automationexercise.TS_01@41a2befb]" started-at="2025-10-24T07:19:06 MDT" name="tc_03" finished-at="2025-10-24T07:19:07 MDT" duration-ms="366" status="PASS">
          <reporter-output>
          </reporter-output>
        </test-method> <!-- tc_03 -->
      </class> <!-- com.automationexercise.TS_01 -->
    </test> <!-- Default test -->
  </suite> <!-- Default suite -->
</testng-results>
